F                                                                        [100%]
=================================== FAILURES ===================================
_____________ test_live_kimi_smoke_succeeds_within_three_attempts ______________

    @pytest.mark.live_api
    def test_live_kimi_smoke_succeeds_within_three_attempts() -> None:
        if not os.getenv("NVIDIA_API_KEY"):
            pytest.skip("NVIDIA_API_KEY is not set")
    
        prompt = (
            "Return JSON only. Do not include markdown or prose. "
            "Follow this exact schema and field names:\n"
            "{"
            "\"plan_id\":\"plan-live-smoke\","
            "\"intent\":\"check_object_presence\","
            "\"subgoals\":[{"
            "\"subgoal_id\":\"sg-1\","
            "\"subgoal_type\":\"ask_clarification\","
            "\"description\":\"Need clarification\","
            "\"success_conditions\":[{\"name\":\"clarification_received\",\"args\":[]}]"
            "}],"
            "\"memory_grounding\":[],"
            "\"candidate_grounding\":[],"
            "\"notes\":\"live_smoke\""
            "}"
        )
        errors: list[str] = []
    
        for attempt in range(1, 4):
            provider = KimiPlanProvider.from_env()
            try:
                plan = provider.generate_plan(prompt=prompt)
            except KimiProviderError as exc:
                assert isinstance(exc.error_type, str)
                assert exc.error_type
                assert str(exc)
                errors.append(f"attempt={attempt}:{exc.error_type}")
            else:
                assert isinstance(plan, HighLevelPlan)
                assert plan.plan_id
                assert plan.subgoals
                assert plan.intent.value in {"check_object_presence", "fetch_object"}
                return
            finally:
                provider.close()
    
>       pytest.fail("live_api failed after 3 attempts: " + "; ".join(errors))
E       Failed: live_api failed after 3 attempts: attempt=1:http_error; attempt=2:http_error; attempt=3:http_error

tests/test_kimi_provider.py:525: Failed
=========================== short test summary info ============================
FAILED tests/test_kimi_provider.py::test_live_kimi_smoke_succeeds_within_three_attempts
1 failed, 11 deselected in 0.72s
